<?xml version="1.0" encoding="UTF-8"?>
<!-- Generated by org.testng.reporters.JUnitXMLReporter -->
<testsuite ignored="0" hostname="RAVALI-KOTI-11" failures="0" tests="2" name="Mouse Hover Tests" time="33.448" errors="0" timestamp="2025-03-14T23:24:16 IST">
  <testcase classname="io.cucumber.testng.AbstractTestNGCucumberTests" name="runScenario" time="17.804"/>
  <testcase classname="io.cucumber.testng.AbstractTestNGCucumberTests" name="runScenario" time="13.656"/>
</testsuite> <!-- Mouse Hover Tests -->
