<?xml version="1.0" encoding="UTF-8"?>
<testng-results ignored="0" total="22" passed="19" failed="3" skipped="0">
  <reporter-output>
  </reporter-output>
  <suite started-at="2025-03-18T23:45:06 PDT" name="Suite" finished-at="2025-03-18T23:50:02 PDT" duration-ms="295672">
    <groups>
      <group name="cucumber">
        <method signature="AbstractTestNGCucumberTests.runScenario(io.cucumber.testng.PickleWrapper,io.cucumber.testng.FeatureWrapper)[pri:0, instance:com.runners.AddToCartTestRunner@1863d2fe]" name="runScenario" class="io.cucumber.testng.AbstractTestNGCucumberTests"/>
        <method signature="AbstractTestNGCucumberTests.runScenario(io.cucumber.testng.PickleWrapper,io.cucumber.testng.FeatureWrapper)[pri:0, instance:com.runners.AlertTestRunner@5a37d3ed]" name="runScenario" class="io.cucumber.testng.AbstractTestNGCucumberTests"/>
        <method signature="AbstractTestNGCucumberTests.runScenario(io.cucumber.testng.PickleWrapper,io.cucumber.testng.FeatureWrapper)[pri:0, instance:com.runners.AutoSuggestTestRunner@4a3631f8]" name="runScenario" class="io.cucumber.testng.AbstractTestNGCucumberTests"/>
        <method signature="AbstractTestNGCucumberTests.runScenario(io.cucumber.testng.PickleWrapper,io.cucumber.testng.FeatureWrapper)[pri:0, instance:com.runners.CheckBoxTestRunner@26df6e3a]" name="runScenario" class="io.cucumber.testng.AbstractTestNGCucumberTests"/>
        <method signature="AbstractTestNGCucumberTests.runScenario(io.cucumber.testng.PickleWrapper,io.cucumber.testng.FeatureWrapper)[pri:0, instance:com.runners.CheckoutTestRunner@6b58b9e9]" name="runScenario" class="io.cucumber.testng.AbstractTestNGCucumberTests"/>
        <method signature="AbstractTestNGCucumberTests.runScenario(io.cucumber.testng.PickleWrapper,io.cucumber.testng.FeatureWrapper)[pri:0, instance:com.runners.CourseFilterTestRunner@f14a7d4]" name="runScenario" class="io.cucumber.testng.AbstractTestNGCucumberTests"/>
        <method signature="AbstractTestNGCucumberTests.runScenario(io.cucumber.testng.PickleWrapper,io.cucumber.testng.FeatureWrapper)[pri:0, instance:com.runners.CourseSearchTestRunner@52e7a6b2]" name="runScenario" class="io.cucumber.testng.AbstractTestNGCucumberTests"/>
        <method signature="AbstractTestNGCucumberTests.runScenario(io.cucumber.testng.PickleWrapper,io.cucumber.testng.FeatureWrapper)[pri:0, instance:com.runners.EnableDisableTestRunner@29a5f4e7]" name="runScenario" class="io.cucumber.testng.AbstractTestNGCucumberTests"/>
        <method signature="AbstractTestNGCucumberTests.runScenario(io.cucumber.testng.PickleWrapper,io.cucumber.testng.FeatureWrapper)[pri:0, instance:com.runners.HideShowTestRunner@79c97cb]" name="runScenario" class="io.cucumber.testng.AbstractTestNGCucumberTests"/>
        <method signature="AbstractTestNGCucumberTests.runScenario(io.cucumber.testng.PickleWrapper,io.cucumber.testng.FeatureWrapper)[pri:0, instance:com.runners.HomePageTestRunner@2d9caaeb]" name="runScenario" class="io.cucumber.testng.AbstractTestNGCucumberTests"/>
        <method signature="AbstractTestNGCucumberTests.runScenario(io.cucumber.testng.PickleWrapper,io.cucumber.testng.FeatureWrapper)[pri:0, instance:com.runners.IFrameTestRunner@42a15bdc]" name="runScenario" class="io.cucumber.testng.AbstractTestNGCucumberTests"/>
        <method signature="AbstractTestNGCucumberTests.runScenario(io.cucumber.testng.PickleWrapper,io.cucumber.testng.FeatureWrapper)[pri:0, instance:com.runners.MouseHoverTestRunner@44a59da3]" name="runScenario" class="io.cucumber.testng.AbstractTestNGCucumberTests"/>
        <method signature="AbstractTestNGCucumberTests.runScenario(io.cucumber.testng.PickleWrapper,io.cucumber.testng.FeatureWrapper)[pri:0, instance:com.runners.RadioButtonTestRunner@27e47833]" name="runScenario" class="io.cucumber.testng.AbstractTestNGCucumberTests"/>
        <method signature="AbstractTestNGCucumberTests.runScenario(io.cucumber.testng.PickleWrapper,io.cucumber.testng.FeatureWrapper)[pri:0, instance:com.runners.SelectDropdownTestRunner@6f6745d6]" name="runScenario" class="io.cucumber.testng.AbstractTestNGCucumberTests"/>
        <method signature="AbstractTestNGCucumberTests.runScenario(io.cucumber.testng.PickleWrapper,io.cucumber.testng.FeatureWrapper)[pri:0, instance:com.runners.SwitchTabTestRunner@27508c5d]" name="runScenario" class="io.cucumber.testng.AbstractTestNGCucumberTests"/>
        <method signature="AbstractTestNGCucumberTests.runScenario(io.cucumber.testng.PickleWrapper,io.cucumber.testng.FeatureWrapper)[pri:0, instance:com.runners.SwitchWindowTestRunner@4f704591]" name="runScenario" class="io.cucumber.testng.AbstractTestNGCucumberTests"/>
        <method signature="AbstractTestNGCucumberTests.runScenario(io.cucumber.testng.PickleWrapper,io.cucumber.testng.FeatureWrapper)[pri:0, instance:com.runners.UserLoginTestRunner@4b5189ac]" name="runScenario" class="io.cucumber.testng.AbstractTestNGCucumberTests"/>
        <method signature="AbstractTestNGCucumberTests.runScenario(io.cucumber.testng.PickleWrapper,io.cucumber.testng.FeatureWrapper)[pri:0, instance:com.runners.UserRegistrationTestRunner@1e4d3ce5]" name="runScenario" class="io.cucumber.testng.AbstractTestNGCucumberTests"/>
        <method signature="AbstractTestNGCucumberTests.runScenario(io.cucumber.testng.PickleWrapper,io.cucumber.testng.FeatureWrapper)[pri:0, instance:com.runners.WebTableTestRunner@3ddc6915]" name="runScenario" class="io.cucumber.testng.AbstractTestNGCucumberTests"/>
      </group> <!-- cucumber -->
    </groups>
    <test started-at="2025-03-18T23:45:06 PDT" name="Test" finished-at="2025-03-18T23:50:02 PDT" duration-ms="295672">
      <class name="com.runners.AddToCartTestRunner">
        <test-method is-config="true" signature="setUpClass(org.testng.ITestContext)[pri:0, instance:com.runners.AddToCartTestRunner@1863d2fe]" started-at="2025-03-18T23:45:06 PDT" name="setUpClass" finished-at="2025-03-18T23:45:07 PDT" duration-ms="1229" status="PASS">
          <params>
            <param index="0">
              <value>
                <![CDATA[org.testng.TestRunner@1b3bb287]]>
              </value>
            </param>
          </params>
          <reporter-output>
          </reporter-output>
        </test-method> <!-- setUpClass -->
        <test-method signature="runScenario(io.cucumber.testng.PickleWrapper,io.cucumber.testng.FeatureWrapper)[pri:0, instance:com.runners.AddToCartTestRunner@1863d2fe]" started-at="2025-03-18T23:45:07 PDT" name="runScenario" description="Runs Cucumber Scenarios" data-provider="scenarios" finished-at="2025-03-18T23:45:23 PDT" duration-ms="16218" status="PASS">
          <params>
            <param index="0">
              <value>
                <![CDATA["User adds product to the shopping bag"]]>
              </value>
            </param>
            <param index="1">
              <value>
                <![CDATA["Add product to the shopping bag"]]>
              </value>
            </param>
          </params>
          <reporter-output>
          </reporter-output>
        </test-method> <!-- runScenario -->
        <test-method is-config="true" signature="tearDownClass()[pri:0, instance:com.runners.AddToCartTestRunner@1863d2fe]" started-at="2025-03-18T23:45:23 PDT" name="tearDownClass" finished-at="2025-03-18T23:45:24 PDT" duration-ms="71" status="PASS">
          <reporter-output>
          </reporter-output>
        </test-method> <!-- tearDownClass -->
      </class> <!-- com.runners.AddToCartTestRunner -->
      <class name="com.runners.HomePageTestRunner">
        <test-method is-config="true" signature="setUpClass(org.testng.ITestContext)[pri:0, instance:com.runners.HomePageTestRunner@2d9caaeb]" started-at="2025-03-18T23:47:36 PDT" name="setUpClass" finished-at="2025-03-18T23:47:36 PDT" duration-ms="22" status="PASS">
          <params>
            <param index="0">
              <value>
                <![CDATA[org.testng.TestRunner@1b3bb287]]>
              </value>
            </param>
          </params>
          <reporter-output>
          </reporter-output>
        </test-method> <!-- setUpClass -->
        <test-method signature="runScenario(io.cucumber.testng.PickleWrapper,io.cucumber.testng.FeatureWrapper)[pri:0, instance:com.runners.HomePageTestRunner@2d9caaeb]" started-at="2025-03-18T23:47:36 PDT" name="runScenario" description="Runs Cucumber Scenarios" data-provider="scenarios" finished-at="2025-03-18T23:47:46 PDT" duration-ms="10279" status="FAIL">
          <params>
            <param index="0">
              <value>
                <![CDATA["Verify the title of the homepage"]]>
              </value>
            </param>
            <param index="1">
              <value>
                <![CDATA["Home Page Verification"]]>
              </value>
            </param>
          </params>
          <exception class="java.lang.AssertionError">
            <message>
              <![CDATA[Page title does not match! expected [My Courses] but found [Login]]]>
            </message>
            <full-stacktrace>
              <![CDATA[java.lang.AssertionError: Page title does not match! expected [My Courses] but found [Login]
at org.testng.Assert.fail(Assert.java:111)
at org.testng.Assert.failNotEquals(Assert.java:1590)
at org.testng.Assert.assertEqualsImpl(Assert.java:150)
at org.testng.Assert.assertEquals(Assert.java:132)
at org.testng.Assert.assertEquals(Assert.java:656)
at com.homepagesteps.HomePageStepDefinitions.the_title_of_the_page_should_be(HomePageStepDefinitions.java:42)
at ✽.The title of the page should be "My Courses"(file:///C:/Users/Administrator/Desktop/Capstone_24532/Projectletskodeit/src/test/resources/Features/HomePage.feature:8)
]]>
            </full-stacktrace>
          </exception> <!-- java.lang.AssertionError -->
          <reporter-output>
          </reporter-output>
        </test-method> <!-- runScenario -->
        <test-method signature="runScenario(io.cucumber.testng.PickleWrapper,io.cucumber.testng.FeatureWrapper)[pri:0, instance:com.runners.HomePageTestRunner@2d9caaeb]" started-at="2025-03-18T23:47:46 PDT" name="runScenario" description="Runs Cucumber Scenarios" data-provider="scenarios" finished-at="2025-03-18T23:47:56 PDT" duration-ms="10588" status="PASS">
          <params>
            <param index="0">
              <value>
                <![CDATA["Verify all homepage sections are displayed"]]>
              </value>
            </param>
            <param index="1">
              <value>
                <![CDATA["Home Page Verification"]]>
              </value>
            </param>
          </params>
          <reporter-output>
          </reporter-output>
        </test-method> <!-- runScenario -->
        <test-method is-config="true" signature="tearDownClass()[pri:0, instance:com.runners.HomePageTestRunner@2d9caaeb]" started-at="2025-03-18T23:47:56 PDT" name="tearDownClass" finished-at="2025-03-18T23:47:56 PDT" duration-ms="23" status="PASS">
          <reporter-output>
          </reporter-output>
        </test-method> <!-- tearDownClass -->
      </class> <!-- com.runners.HomePageTestRunner -->
      <class name="com.runners.SwitchWindowTestRunner">
        <test-method is-config="true" signature="setUpClass(org.testng.ITestContext)[pri:0, instance:com.runners.SwitchWindowTestRunner@4f704591]" started-at="2025-03-18T23:49:14 PDT" name="setUpClass" finished-at="2025-03-18T23:49:14 PDT" duration-ms="21" status="PASS">
          <params>
            <param index="0">
              <value>
                <![CDATA[org.testng.TestRunner@1b3bb287]]>
              </value>
            </param>
          </params>
          <reporter-output>
          </reporter-output>
        </test-method> <!-- setUpClass -->
        <test-method signature="runScenario(io.cucumber.testng.PickleWrapper,io.cucumber.testng.FeatureWrapper)[pri:0, instance:com.runners.SwitchWindowTestRunner@4f704591]" started-at="2025-03-18T23:49:14 PDT" name="runScenario" description="Runs Cucumber Scenarios" data-provider="scenarios" finished-at="2025-03-18T23:49:26 PDT" duration-ms="12256" status="PASS">
          <params>
            <param index="0">
              <value>
                <![CDATA["Verify switching to a new window"]]>
              </value>
            </param>
            <param index="1">
              <value>
                <![CDATA["Automate functionality for switching windows"]]>
              </value>
            </param>
          </params>
          <reporter-output>
          </reporter-output>
        </test-method> <!-- runScenario -->
        <test-method is-config="true" signature="tearDownClass()[pri:0, instance:com.runners.SwitchWindowTestRunner@4f704591]" started-at="2025-03-18T23:49:26 PDT" name="tearDownClass" finished-at="2025-03-18T23:49:26 PDT" duration-ms="19" status="PASS">
          <reporter-output>
          </reporter-output>
        </test-method> <!-- tearDownClass -->
      </class> <!-- com.runners.SwitchWindowTestRunner -->
      <class name="com.runners.WebTableTestRunner">
        <test-method is-config="true" signature="setUpClass(org.testng.ITestContext)[pri:0, instance:com.runners.WebTableTestRunner@3ddc6915]" started-at="2025-03-18T23:49:49 PDT" name="setUpClass" finished-at="2025-03-18T23:49:49 PDT" duration-ms="13" status="PASS">
          <params>
            <param index="0">
              <value>
                <![CDATA[org.testng.TestRunner@1b3bb287]]>
              </value>
            </param>
          </params>
          <reporter-output>
          </reporter-output>
        </test-method> <!-- setUpClass -->
        <test-method signature="runScenario(io.cucumber.testng.PickleWrapper,io.cucumber.testng.FeatureWrapper)[pri:0, instance:com.runners.WebTableTestRunner@3ddc6915]" started-at="2025-03-18T23:49:49 PDT" name="runScenario" description="Runs Cucumber Scenarios" data-provider="scenarios" finished-at="2025-03-18T23:50:02 PDT" duration-ms="12067" status="PASS">
          <params>
            <param index="0">
              <value>
                <![CDATA["Verify the price of Python Programming Language"]]>
              </value>
            </param>
            <param index="1">
              <value>
                <![CDATA["Web Table Price Validation"]]>
              </value>
            </param>
          </params>
          <reporter-output>
          </reporter-output>
        </test-method> <!-- runScenario -->
        <test-method is-config="true" signature="tearDownClass()[pri:0, instance:com.runners.WebTableTestRunner@3ddc6915]" started-at="2025-03-18T23:50:02 PDT" name="tearDownClass" finished-at="2025-03-18T23:50:02 PDT" duration-ms="18" status="PASS">
          <reporter-output>
          </reporter-output>
        </test-method> <!-- tearDownClass -->
      </class> <!-- com.runners.WebTableTestRunner -->
      <class name="com.runners.HideShowTestRunner">
        <test-method is-config="true" signature="setUpClass(org.testng.ITestContext)[pri:0, instance:com.runners.HideShowTestRunner@79c97cb]" started-at="2025-03-18T23:47:20 PDT" name="setUpClass" finished-at="2025-03-18T23:47:20 PDT" duration-ms="43" status="PASS">
          <params>
            <param index="0">
              <value>
                <![CDATA[org.testng.TestRunner@1b3bb287]]>
              </value>
            </param>
          </params>
          <reporter-output>
          </reporter-output>
        </test-method> <!-- setUpClass -->
        <test-method signature="runScenario(io.cucumber.testng.PickleWrapper,io.cucumber.testng.FeatureWrapper)[pri:0, instance:com.runners.HideShowTestRunner@79c97cb]" started-at="2025-03-18T23:47:20 PDT" name="runScenario" description="Runs Cucumber Scenarios" data-provider="scenarios" finished-at="2025-03-18T23:47:36 PDT" duration-ms="15269" status="PASS">
          <params>
            <param index="0">
              <value>
                <![CDATA["Verify the hide and show functionality with text input"]]>
              </value>
            </param>
            <param index="1">
              <value>
                <![CDATA["Hide and Show Element Functionality"]]>
              </value>
            </param>
          </params>
          <reporter-output>
          </reporter-output>
        </test-method> <!-- runScenario -->
        <test-method is-config="true" signature="tearDownClass()[pri:0, instance:com.runners.HideShowTestRunner@79c97cb]" started-at="2025-03-18T23:47:36 PDT" name="tearDownClass" finished-at="2025-03-18T23:47:36 PDT" duration-ms="17" status="PASS">
          <reporter-output>
          </reporter-output>
        </test-method> <!-- tearDownClass -->
      </class> <!-- com.runners.HideShowTestRunner -->
      <class name="com.runners.EnableDisableTestRunner">
        <test-method is-config="true" signature="setUpClass(org.testng.ITestContext)[pri:0, instance:com.runners.EnableDisableTestRunner@29a5f4e7]" started-at="2025-03-18T23:46:56 PDT" name="setUpClass" finished-at="2025-03-18T23:46:56 PDT" duration-ms="43" status="PASS">
          <params>
            <param index="0">
              <value>
                <![CDATA[org.testng.TestRunner@1b3bb287]]>
              </value>
            </param>
          </params>
          <reporter-output>
          </reporter-output>
        </test-method> <!-- setUpClass -->
        <test-method signature="runScenario(io.cucumber.testng.PickleWrapper,io.cucumber.testng.FeatureWrapper)[pri:0, instance:com.runners.EnableDisableTestRunner@29a5f4e7]" started-at="2025-03-18T23:46:56 PDT" name="runScenario" description="Runs Cucumber Scenarios" data-provider="scenarios" finished-at="2025-03-18T23:47:06 PDT" duration-ms="10455" status="PASS">
          <params>
            <param index="0">
              <value>
                <![CDATA["Verify disabling the field"]]>
              </value>
            </param>
            <param index="1">
              <value>
                <![CDATA["Automate functionality for enabling and disabling fields"]]>
              </value>
            </param>
          </params>
          <reporter-output>
          </reporter-output>
        </test-method> <!-- runScenario -->
        <test-method signature="runScenario(io.cucumber.testng.PickleWrapper,io.cucumber.testng.FeatureWrapper)[pri:0, instance:com.runners.EnableDisableTestRunner@29a5f4e7]" started-at="2025-03-18T23:47:06 PDT" name="runScenario" description="Runs Cucumber Scenarios" data-provider="scenarios" finished-at="2025-03-18T23:47:20 PDT" duration-ms="13724" status="PASS">
          <params>
            <param index="0">
              <value>
                <![CDATA["Verify enabling the field and entering text"]]>
              </value>
            </param>
            <param index="1">
              <value>
                <![CDATA["Automate functionality for enabling and disabling fields"]]>
              </value>
            </param>
          </params>
          <reporter-output>
          </reporter-output>
        </test-method> <!-- runScenario -->
        <test-method is-config="true" signature="tearDownClass()[pri:0, instance:com.runners.EnableDisableTestRunner@29a5f4e7]" started-at="2025-03-18T23:47:20 PDT" name="tearDownClass" finished-at="2025-03-18T23:47:20 PDT" duration-ms="23" status="PASS">
          <reporter-output>
          </reporter-output>
        </test-method> <!-- tearDownClass -->
      </class> <!-- com.runners.EnableDisableTestRunner -->
      <class name="com.runners.CourseSearchTestRunner">
        <test-method is-config="true" signature="setUpClass(org.testng.ITestContext)[pri:0, instance:com.runners.CourseSearchTestRunner@52e7a6b2]" started-at="2025-03-18T23:46:41 PDT" name="setUpClass" finished-at="2025-03-18T23:46:41 PDT" duration-ms="17" status="PASS">
          <params>
            <param index="0">
              <value>
                <![CDATA[org.testng.TestRunner@1b3bb287]]>
              </value>
            </param>
          </params>
          <reporter-output>
          </reporter-output>
        </test-method> <!-- setUpClass -->
        <test-method signature="runScenario(io.cucumber.testng.PickleWrapper,io.cucumber.testng.FeatureWrapper)[pri:0, instance:com.runners.CourseSearchTestRunner@52e7a6b2]" started-at="2025-03-18T23:46:41 PDT" name="runScenario" description="Runs Cucumber Scenarios" data-provider="scenarios" finished-at="2025-03-18T23:46:56 PDT" duration-ms="15144" status="PASS">
          <params>
            <param index="0">
              <value>
                <![CDATA["Verify course search for Python"]]>
              </value>
            </param>
            <param index="1">
              <value>
                <![CDATA["Course Search Functionality"]]>
              </value>
            </param>
          </params>
          <reporter-output>
          </reporter-output>
        </test-method> <!-- runScenario -->
        <test-method is-config="true" signature="tearDownClass()[pri:0, instance:com.runners.CourseSearchTestRunner@52e7a6b2]" started-at="2025-03-18T23:46:56 PDT" name="tearDownClass" finished-at="2025-03-18T23:46:56 PDT" duration-ms="20" status="PASS">
          <reporter-output>
          </reporter-output>
        </test-method> <!-- tearDownClass -->
      </class> <!-- com.runners.CourseSearchTestRunner -->
      <class name="com.runners.CheckBoxTestRunner">
        <test-method is-config="true" signature="setUpClass(org.testng.ITestContext)[pri:0, instance:com.runners.CheckBoxTestRunner@26df6e3a]" started-at="2025-03-18T23:45:42 PDT" name="setUpClass" finished-at="2025-03-18T23:45:42 PDT" duration-ms="28" status="PASS">
          <params>
            <param index="0">
              <value>
                <![CDATA[org.testng.TestRunner@1b3bb287]]>
              </value>
            </param>
          </params>
          <reporter-output>
          </reporter-output>
        </test-method> <!-- setUpClass -->
        <test-method signature="runScenario(io.cucumber.testng.PickleWrapper,io.cucumber.testng.FeatureWrapper)[pri:0, instance:com.runners.CheckBoxTestRunner@26df6e3a]" started-at="2025-03-18T23:45:42 PDT" name="runScenario" description="Runs Cucumber Scenarios" data-provider="scenarios" finished-at="2025-03-18T23:46:00 PDT" duration-ms="17526" status="PASS">
          <params>
            <param index="0">
              <value>
                <![CDATA["Select Honda checkbox"]]>
              </value>
            </param>
            <param index="1">
              <value>
                <![CDATA["Automate functionality for checkbox selection"]]>
              </value>
            </param>
          </params>
          <reporter-output>
          </reporter-output>
        </test-method> <!-- runScenario -->
        <test-method is-config="true" signature="tearDownClass()[pri:0, instance:com.runners.CheckBoxTestRunner@26df6e3a]" started-at="2025-03-18T23:46:00 PDT" name="tearDownClass" finished-at="2025-03-18T23:46:00 PDT" duration-ms="32" status="PASS">
          <reporter-output>
          </reporter-output>
        </test-method> <!-- tearDownClass -->
      </class> <!-- com.runners.CheckBoxTestRunner -->
      <class name="com.runners.UserLoginTestRunner">
        <test-method is-config="true" signature="setUpClass(org.testng.ITestContext)[pri:0, instance:com.runners.UserLoginTestRunner@4b5189ac]" started-at="2025-03-18T23:49:26 PDT" name="setUpClass" finished-at="2025-03-18T23:49:26 PDT" duration-ms="73" status="PASS">
          <params>
            <param index="0">
              <value>
                <![CDATA[org.testng.TestRunner@1b3bb287]]>
              </value>
            </param>
          </params>
          <reporter-output>
          </reporter-output>
        </test-method> <!-- setUpClass -->
        <test-method signature="runScenario(io.cucumber.testng.PickleWrapper,io.cucumber.testng.FeatureWrapper)[pri:0, instance:com.runners.UserLoginTestRunner@4b5189ac]" started-at="2025-03-18T23:49:26 PDT" name="runScenario" description="Runs Cucumber Scenarios" data-provider="scenarios" finished-at="2025-03-18T23:49:41 PDT" duration-ms="14867" status="FAIL">
          <params>
            <param index="0">
              <value>
                <![CDATA["Logging in letskodeit"]]>
              </value>
            </param>
            <param index="1">
              <value>
                <![CDATA["User logs in letskodeit"]]>
              </value>
            </param>
          </params>
          <exception class="java.lang.AssertionError">
            <message>
              <![CDATA[expected [https://www.letskodeit.com/] but found [https://www.letskodeit.com/login]]]>
            </message>
            <full-stacktrace>
              <![CDATA[java.lang.AssertionError: expected [https://www.letskodeit.com/] but found [https://www.letskodeit.com/login]
at org.testng.Assert.fail(Assert.java:111)
at org.testng.Assert.failNotEquals(Assert.java:1590)
at org.testng.Assert.assertEqualsImpl(Assert.java:150)
at org.testng.Assert.assertEquals(Assert.java:132)
at org.testng.Assert.assertEquals(Assert.java:656)
at org.testng.Assert.assertEquals(Assert.java:666)
at com.loginsteps.UserLoginStepDefinitions.user_is_on_homepage(UserLoginStepDefinitions.java:57)
at ✽.User is on homepage(file:///C:/Users/Administrator/Desktop/Capstone_24532/Projectletskodeit/src/test/resources/Features/UserLogin.feature:7)
]]>
            </full-stacktrace>
          </exception> <!-- java.lang.AssertionError -->
          <reporter-output>
          </reporter-output>
        </test-method> <!-- runScenario -->
        <test-method is-config="true" signature="tearDownClass()[pri:0, instance:com.runners.UserLoginTestRunner@4b5189ac]" started-at="2025-03-18T23:49:41 PDT" name="tearDownClass" finished-at="2025-03-18T23:49:41 PDT" duration-ms="14" status="PASS">
          <reporter-output>
          </reporter-output>
        </test-method> <!-- tearDownClass -->
      </class> <!-- com.runners.UserLoginTestRunner -->
      <class name="com.runners.CheckoutTestRunner">
        <test-method is-config="true" signature="setUpClass(org.testng.ITestContext)[pri:0, instance:com.runners.CheckoutTestRunner@6b58b9e9]" started-at="2025-03-18T23:46:12 PDT" name="setUpClass" finished-at="2025-03-18T23:46:12 PDT" duration-ms="21" status="PASS">
          <params>
            <param index="0">
              <value>
                <![CDATA[org.testng.TestRunner@1b3bb287]]>
              </value>
            </param>
          </params>
          <reporter-output>
          </reporter-output>
        </test-method> <!-- setUpClass -->
        <test-method signature="runScenario(io.cucumber.testng.PickleWrapper,io.cucumber.testng.FeatureWrapper)[pri:0, instance:com.runners.CheckoutTestRunner@6b58b9e9]" started-at="2025-03-18T23:46:12 PDT" name="runScenario" description="Runs Cucumber Scenarios" data-provider="scenarios" finished-at="2025-03-18T23:46:25 PDT" duration-ms="13393" status="PASS">
          <params>
            <param index="0">
              <value>
                <![CDATA["User completes checkout and sees Thank You message"]]>
              </value>
            </param>
            <param index="1">
              <value>
                <![CDATA["Checkout Cart process"]]>
              </value>
            </param>
          </params>
          <reporter-output>
          </reporter-output>
        </test-method> <!-- runScenario -->
        <test-method is-config="true" signature="tearDownClass()[pri:0, instance:com.runners.CheckoutTestRunner@6b58b9e9]" started-at="2025-03-18T23:46:25 PDT" name="tearDownClass" finished-at="2025-03-18T23:46:25 PDT" duration-ms="23" status="PASS">
          <reporter-output>
          </reporter-output>
        </test-method> <!-- tearDownClass -->
      </class> <!-- com.runners.CheckoutTestRunner -->
      <class name="com.runners.SwitchTabTestRunner">
        <test-method is-config="true" signature="setUpClass(org.testng.ITestContext)[pri:0, instance:com.runners.SwitchTabTestRunner@27508c5d]" started-at="2025-03-18T23:48:57 PDT" name="setUpClass" finished-at="2025-03-18T23:48:57 PDT" duration-ms="20" status="PASS">
          <params>
            <param index="0">
              <value>
                <![CDATA[org.testng.TestRunner@1b3bb287]]>
              </value>
            </param>
          </params>
          <reporter-output>
          </reporter-output>
        </test-method> <!-- setUpClass -->
        <test-method signature="runScenario(io.cucumber.testng.PickleWrapper,io.cucumber.testng.FeatureWrapper)[pri:0, instance:com.runners.SwitchTabTestRunner@27508c5d]" started-at="2025-03-18T23:48:57 PDT" name="runScenario" description="Runs Cucumber Scenarios" data-provider="scenarios" finished-at="2025-03-18T23:49:13 PDT" duration-ms="16739" status="PASS">
          <params>
            <param index="0">
              <value>
                <![CDATA["Verify switching to a new tab"]]>
              </value>
            </param>
            <param index="1">
              <value>
                <![CDATA["Automate functionality for switching tabs"]]>
              </value>
            </param>
          </params>
          <reporter-output>
          </reporter-output>
        </test-method> <!-- runScenario -->
        <test-method is-config="true" signature="tearDownClass()[pri:0, instance:com.runners.SwitchTabTestRunner@27508c5d]" started-at="2025-03-18T23:49:13 PDT" name="tearDownClass" finished-at="2025-03-18T23:49:14 PDT" duration-ms="18" status="PASS">
          <reporter-output>
          </reporter-output>
        </test-method> <!-- tearDownClass -->
      </class> <!-- com.runners.SwitchTabTestRunner -->
      <class name="com.runners.AlertTestRunner">
        <test-method is-config="true" signature="setUpClass(org.testng.ITestContext)[pri:0, instance:com.runners.AlertTestRunner@5a37d3ed]" started-at="2025-03-18T23:45:24 PDT" name="setUpClass" finished-at="2025-03-18T23:45:24 PDT" duration-ms="55" status="PASS">
          <params>
            <param index="0">
              <value>
                <![CDATA[org.testng.TestRunner@1b3bb287]]>
              </value>
            </param>
          </params>
          <reporter-output>
          </reporter-output>
        </test-method> <!-- setUpClass -->
        <test-method signature="runScenario(io.cucumber.testng.PickleWrapper,io.cucumber.testng.FeatureWrapper)[pri:0, instance:com.runners.AlertTestRunner@5a37d3ed]" started-at="2025-03-18T23:45:24 PDT" name="runScenario" description="Runs Cucumber Scenarios" data-provider="scenarios" finished-at="2025-03-18T23:45:42 PDT" duration-ms="18793" status="PASS">
          <params>
            <param index="0">
              <value>
                <![CDATA["Verify alert message after entering text"]]>
              </value>
            </param>
            <param index="1">
              <value>
                <![CDATA["Alert Handling Functionality"]]>
              </value>
            </param>
          </params>
          <reporter-output>
          </reporter-output>
        </test-method> <!-- runScenario -->
        <test-method is-config="true" signature="tearDownClass()[pri:0, instance:com.runners.AlertTestRunner@5a37d3ed]" started-at="2025-03-18T23:45:42 PDT" name="tearDownClass" finished-at="2025-03-18T23:45:42 PDT" duration-ms="40" status="PASS">
          <reporter-output>
          </reporter-output>
        </test-method> <!-- tearDownClass -->
      </class> <!-- com.runners.AlertTestRunner -->
      <class name="com.runners.SelectDropdownTestRunner">
        <test-method is-config="true" signature="setUpClass(org.testng.ITestContext)[pri:0, instance:com.runners.SelectDropdownTestRunner@6f6745d6]" started-at="2025-03-18T23:48:46 PDT" name="setUpClass" finished-at="2025-03-18T23:48:46 PDT" duration-ms="20" status="PASS">
          <params>
            <param index="0">
              <value>
                <![CDATA[org.testng.TestRunner@1b3bb287]]>
              </value>
            </param>
          </params>
          <reporter-output>
          </reporter-output>
        </test-method> <!-- setUpClass -->
        <test-method signature="runScenario(io.cucumber.testng.PickleWrapper,io.cucumber.testng.FeatureWrapper)[pri:0, instance:com.runners.SelectDropdownTestRunner@6f6745d6]" started-at="2025-03-18T23:48:46 PDT" name="runScenario" description="Runs Cucumber Scenarios" data-provider="scenarios" finished-at="2025-03-18T23:48:57 PDT" duration-ms="10881" status="PASS">
          <params>
            <param index="0">
              <value>
                <![CDATA["Verify dropdown selection"]]>
              </value>
            </param>
            <param index="1">
              <value>
                <![CDATA["Automate functionality for dropdown selection"]]>
              </value>
            </param>
          </params>
          <reporter-output>
          </reporter-output>
        </test-method> <!-- runScenario -->
        <test-method is-config="true" signature="tearDownClass()[pri:0, instance:com.runners.SelectDropdownTestRunner@6f6745d6]" started-at="2025-03-18T23:48:57 PDT" name="tearDownClass" finished-at="2025-03-18T23:48:57 PDT" duration-ms="25" status="PASS">
          <reporter-output>
          </reporter-output>
        </test-method> <!-- tearDownClass -->
      </class> <!-- com.runners.SelectDropdownTestRunner -->
      <class name="com.runners.IFrameTestRunner">
        <test-method is-config="true" signature="setUpClass(org.testng.ITestContext)[pri:0, instance:com.runners.IFrameTestRunner@42a15bdc]" started-at="2025-03-18T23:47:56 PDT" name="setUpClass" finished-at="2025-03-18T23:47:56 PDT" duration-ms="27" status="PASS">
          <params>
            <param index="0">
              <value>
                <![CDATA[org.testng.TestRunner@1b3bb287]]>
              </value>
            </param>
          </params>
          <reporter-output>
          </reporter-output>
        </test-method> <!-- setUpClass -->
        <test-method signature="runScenario(io.cucumber.testng.PickleWrapper,io.cucumber.testng.FeatureWrapper)[pri:0, instance:com.runners.IFrameTestRunner@42a15bdc]" started-at="2025-03-18T23:47:56 PDT" name="runScenario" description="Runs Cucumber Scenarios" data-provider="scenarios" finished-at="2025-03-18T23:48:10 PDT" duration-ms="13282" status="PASS">
          <params>
            <param index="0">
              <value>
                <![CDATA["Verify switching to and from an iFrame with moveToElement"]]>
              </value>
            </param>
            <param index="1">
              <value>
                <![CDATA["iFrame Handling with Move to Element"]]>
              </value>
            </param>
          </params>
          <reporter-output>
          </reporter-output>
        </test-method> <!-- runScenario -->
        <test-method is-config="true" signature="tearDownClass()[pri:0, instance:com.runners.IFrameTestRunner@42a15bdc]" started-at="2025-03-18T23:48:10 PDT" name="tearDownClass" finished-at="2025-03-18T23:48:10 PDT" duration-ms="20" status="PASS">
          <reporter-output>
          </reporter-output>
        </test-method> <!-- tearDownClass -->
      </class> <!-- com.runners.IFrameTestRunner -->
      <class name="com.runners.AutoSuggestTestRunner">
        <test-method is-config="true" signature="setUpClass(org.testng.ITestContext)[pri:0, instance:com.runners.AutoSuggestTestRunner@4a3631f8]" started-at="2025-03-18T23:46:00 PDT" name="setUpClass" finished-at="2025-03-18T23:46:00 PDT" duration-ms="24" status="PASS">
          <params>
            <param index="0">
              <value>
                <![CDATA[org.testng.TestRunner@1b3bb287]]>
              </value>
            </param>
          </params>
          <reporter-output>
          </reporter-output>
        </test-method> <!-- setUpClass -->
        <test-method signature="runScenario(io.cucumber.testng.PickleWrapper,io.cucumber.testng.FeatureWrapper)[pri:0, instance:com.runners.AutoSuggestTestRunner@4a3631f8]" started-at="2025-03-18T23:46:00 PDT" name="runScenario" description="Runs Cucumber Scenarios" data-provider="scenarios" finished-at="2025-03-18T23:46:12 PDT" duration-ms="11664" status="PASS">
          <params>
            <param index="0">
              <value>
                <![CDATA["Verify auto suggest feature"]]>
              </value>
            </param>
            <param index="1">
              <value>
                <![CDATA["Automate functionality for auto suggest feature"]]>
              </value>
            </param>
          </params>
          <reporter-output>
          </reporter-output>
        </test-method> <!-- runScenario -->
        <test-method is-config="true" signature="tearDownClass()[pri:0, instance:com.runners.AutoSuggestTestRunner@4a3631f8]" started-at="2025-03-18T23:46:12 PDT" name="tearDownClass" finished-at="2025-03-18T23:46:12 PDT" duration-ms="26" status="PASS">
          <reporter-output>
          </reporter-output>
        </test-method> <!-- tearDownClass -->
      </class> <!-- com.runners.AutoSuggestTestRunner -->
      <class name="com.runners.RadioButtonTestRunner">
        <test-method is-config="true" signature="setUpClass(org.testng.ITestContext)[pri:0, instance:com.runners.RadioButtonTestRunner@27e47833]" started-at="2025-03-18T23:48:31 PDT" name="setUpClass" finished-at="2025-03-18T23:48:31 PDT" duration-ms="18" status="PASS">
          <params>
            <param index="0">
              <value>
                <![CDATA[org.testng.TestRunner@1b3bb287]]>
              </value>
            </param>
          </params>
          <reporter-output>
          </reporter-output>
        </test-method> <!-- setUpClass -->
        <test-method signature="runScenario(io.cucumber.testng.PickleWrapper,io.cucumber.testng.FeatureWrapper)[pri:0, instance:com.runners.RadioButtonTestRunner@27e47833]" started-at="2025-03-18T23:48:31 PDT" name="runScenario" description="Runs Cucumber Scenarios" data-provider="scenarios" finished-at="2025-03-18T23:48:46 PDT" duration-ms="15186" status="PASS">
          <params>
            <param index="0">
              <value>
                <![CDATA["Select BMW option"]]>
              </value>
            </param>
            <param index="1">
              <value>
                <![CDATA["Automate functionality for radio button"]]>
              </value>
            </param>
          </params>
          <reporter-output>
          </reporter-output>
        </test-method> <!-- runScenario -->
        <test-method is-config="true" signature="tearDownClass()[pri:0, instance:com.runners.RadioButtonTestRunner@27e47833]" started-at="2025-03-18T23:48:46 PDT" name="tearDownClass" finished-at="2025-03-18T23:48:46 PDT" duration-ms="19" status="PASS">
          <reporter-output>
          </reporter-output>
        </test-method> <!-- tearDownClass -->
      </class> <!-- com.runners.RadioButtonTestRunner -->
      <class name="com.runners.CourseFilterTestRunner">
        <test-method is-config="true" signature="setUpClass(org.testng.ITestContext)[pri:0, instance:com.runners.CourseFilterTestRunner@f14a7d4]" started-at="2025-03-18T23:46:25 PDT" name="setUpClass" finished-at="2025-03-18T23:46:25 PDT" duration-ms="25" status="PASS">
          <params>
            <param index="0">
              <value>
                <![CDATA[org.testng.TestRunner@1b3bb287]]>
              </value>
            </param>
          </params>
          <reporter-output>
          </reporter-output>
        </test-method> <!-- setUpClass -->
        <test-method signature="runScenario(io.cucumber.testng.PickleWrapper,io.cucumber.testng.FeatureWrapper)[pri:0, instance:com.runners.CourseFilterTestRunner@f14a7d4]" started-at="2025-03-18T23:46:25 PDT" name="runScenario" description="Runs Cucumber Scenarios" data-provider="scenarios" finished-at="2025-03-18T23:46:41 PDT" duration-ms="15525" status="PASS">
          <params>
            <param index="0">
              <value>
                <![CDATA["Verify category selection"]]>
              </value>
            </param>
            <param index="1">
              <value>
                <![CDATA["Course Category Filtering"]]>
              </value>
            </param>
          </params>
          <reporter-output>
          </reporter-output>
        </test-method> <!-- runScenario -->
        <test-method is-config="true" signature="tearDownClass()[pri:0, instance:com.runners.CourseFilterTestRunner@f14a7d4]" started-at="2025-03-18T23:46:41 PDT" name="tearDownClass" finished-at="2025-03-18T23:46:41 PDT" duration-ms="25" status="PASS">
          <reporter-output>
          </reporter-output>
        </test-method> <!-- tearDownClass -->
      </class> <!-- com.runners.CourseFilterTestRunner -->
      <class name="com.runners.UserRegistrationTestRunner">
        <test-method is-config="true" signature="setUpClass(org.testng.ITestContext)[pri:0, instance:com.runners.UserRegistrationTestRunner@1e4d3ce5]" started-at="2025-03-18T23:49:41 PDT" name="setUpClass" finished-at="2025-03-18T23:49:41 PDT" duration-ms="40" status="PASS">
          <params>
            <param index="0">
              <value>
                <![CDATA[org.testng.TestRunner@1b3bb287]]>
              </value>
            </param>
          </params>
          <reporter-output>
          </reporter-output>
        </test-method> <!-- setUpClass -->
        <test-method signature="runScenario(io.cucumber.testng.PickleWrapper,io.cucumber.testng.FeatureWrapper)[pri:0, instance:com.runners.UserRegistrationTestRunner@1e4d3ce5]" started-at="2025-03-18T23:49:41 PDT" name="runScenario" description="Runs Cucumber Scenarios" data-provider="scenarios" finished-at="2025-03-18T23:49:49 PDT" duration-ms="8661" status="FAIL">
          <params>
            <param index="0">
              <value>
                <![CDATA["Registering in letskodeit"]]>
              </value>
            </param>
            <param index="1">
              <value>
                <![CDATA["Registration in letskodeit"]]>
              </value>
            </param>
          </params>
          <exception class="org.openqa.selenium.NoSuchElementException">
            <message>
              <![CDATA[no such element: Unable to locate element: {"method":"xpath","selector":"//input[@id='name']"}
  (Session info: chrome=134.0.6998.89)
For documentation on this error, please visit: https://www.selenium.dev/documentation/webdriver/troubleshooting/errors#no-such-element-exception
Build info: version: '4.28.1', revision: '73f5ad48a2'
System info: os.name: 'Windows 10', os.arch: 'amd64', os.version: '10.0', java.version: '23.0.2'
Driver info: org.openqa.selenium.chrome.ChromeDriver
Command: [e7d317d4fd840a86eed3e95777fdfac7, findElement {value=//input[@id='name'], using=xpath}]
Capabilities {acceptInsecureCerts: false, browserName: chrome, browserVersion: 134.0.6998.89, chrome: {chromedriverVersion: 134.0.6998.88 (7e3d5c978c6d..., userDataDir: C:\Windows\SystemTemp\scope...}, fedcm:accounts: true, goog:chromeOptions: {debuggerAddress: localhost:58815}, networkConnectionEnabled: false, pageLoadStrategy: normal, platformName: windows, proxy: Proxy(), se:cdp: ws://localhost:58815/devtoo..., se:cdpVersion: 134.0.6998.89, setWindowRect: true, strictFileInteractability: false, timeouts: {implicit: 0, pageLoad: 300000, script: 30000}, unhandledPromptBehavior: dismiss and notify, webauthn:extension:credBlob: true, webauthn:extension:largeBlob: true, webauthn:extension:minPinLength: true, webauthn:extension:prf: true, webauthn:virtualAuthenticators: true}
Session ID: e7d317d4fd840a86eed3e95777fdfac7]]>
            </message>
            <full-stacktrace>
              <![CDATA[org.openqa.selenium.NoSuchElementException: no such element: Unable to locate element: {"method":"xpath","selector":"//input[@id='name']"}
  (Session info: chrome=134.0.6998.89)
For documentation on this error, please visit: https://www.selenium.dev/documentation/webdriver/troubleshooting/errors#no-such-element-exception
Build info: version: '4.28.1', revision: '73f5ad48a2'
System info: os.name: 'Windows 10', os.arch: 'amd64', os.version: '10.0', java.version: '23.0.2'
Driver info: org.openqa.selenium.chrome.ChromeDriver
Command: [e7d317d4fd840a86eed3e95777fdfac7, findElement {value=//input[@id='name'], using=xpath}]
Capabilities {acceptInsecureCerts: false, browserName: chrome, browserVersion: 134.0.6998.89, chrome: {chromedriverVersion: 134.0.6998.88 (7e3d5c978c6d..., userDataDir: C:\Windows\SystemTemp\scope...}, fedcm:accounts: true, goog:chromeOptions: {debuggerAddress: localhost:58815}, networkConnectionEnabled: false, pageLoadStrategy: normal, platformName: windows, proxy: Proxy(), se:cdp: ws://localhost:58815/devtoo..., se:cdpVersion: 134.0.6998.89, setWindowRect: true, strictFileInteractability: false, timeouts: {implicit: 0, pageLoad: 300000, script: 30000}, unhandledPromptBehavior: dismiss and notify, webauthn:extension:credBlob: true, webauthn:extension:largeBlob: true, webauthn:extension:minPinLength: true, webauthn:extension:prf: true, webauthn:virtualAuthenticators: true}
Session ID: e7d317d4fd840a86eed3e95777fdfac7
at java.base/jdk.internal.reflect.DirectConstructorHandleAccessor.newInstance(DirectConstructorHandleAccessor.java:62)
at java.base/java.lang.reflect.Constructor.newInstanceWithCaller(Constructor.java:501)
at java.base/java.lang.reflect.Constructor.newInstance(Constructor.java:485)
at org.openqa.selenium.remote.ErrorCodec.decode(ErrorCodec.java:167)
at org.openqa.selenium.remote.codec.w3c.W3CHttpResponseCodec.decode(W3CHttpResponseCodec.java:138)
at org.openqa.selenium.remote.codec.w3c.W3CHttpResponseCodec.decode(W3CHttpResponseCodec.java:50)
at org.openqa.selenium.remote.HttpCommandExecutor.execute(HttpCommandExecutor.java:215)
at org.openqa.selenium.remote.service.DriverCommandExecutor.invokeExecute(DriverCommandExecutor.java:216)
at org.openqa.selenium.remote.service.DriverCommandExecutor.execute(DriverCommandExecutor.java:174)
at org.openqa.selenium.remote.RemoteWebDriver.execute(RemoteWebDriver.java:545)
at org.openqa.selenium.remote.ElementLocation$ElementFinder$2.findElement(ElementLocation.java:165)
at org.openqa.selenium.remote.ElementLocation.findElement(ElementLocation.java:59)
at org.openqa.selenium.remote.RemoteWebDriver.findElement(RemoteWebDriver.java:368)
at org.openqa.selenium.remote.RemoteWebDriver.findElement(RemoteWebDriver.java:362)
at org.openqa.selenium.support.pagefactory.DefaultElementLocator.findElement(DefaultElementLocator.java:68)
at org.openqa.selenium.support.pagefactory.internal.LocatingElementHandler.invoke(LocatingElementHandler.java:38)
at jdk.proxy2/jdk.proxy2.$Proxy27.sendKeys(Unknown Source)
at com.basepage.BasePage.enterText(BasePage.java:28)
at com.pages.UserRegistrationPage.setFirstName(UserRegistrationPage.java:49)
at com.registrationsteps.UserRegistrationStepDefinitions.user_is_required_to_enter_and_and_and_and(UserRegistrationStepDefinitions.java:49)
at ✽.User is required to enter "c" and "lokesh" and "clokesh@gmail.com" and "clok@123" and "clok@123"(file:///C:/Users/Administrator/Desktop/Capstone_24532/Projectletskodeit/src/test/resources/Features/UserRegistration.feature:7)
]]>
            </full-stacktrace>
          </exception> <!-- org.openqa.selenium.NoSuchElementException -->
          <reporter-output>
          </reporter-output>
        </test-method> <!-- runScenario -->
        <test-method is-config="true" signature="tearDownClass()[pri:0, instance:com.runners.UserRegistrationTestRunner@1e4d3ce5]" started-at="2025-03-18T23:49:49 PDT" name="tearDownClass" finished-at="2025-03-18T23:49:49 PDT" duration-ms="17" status="PASS">
          <reporter-output>
          </reporter-output>
        </test-method> <!-- tearDownClass -->
      </class> <!-- com.runners.UserRegistrationTestRunner -->
      <class name="com.runners.MouseHoverTestRunner">
        <test-method is-config="true" signature="setUpClass(org.testng.ITestContext)[pri:0, instance:com.runners.MouseHoverTestRunner@44a59da3]" started-at="2025-03-18T23:48:10 PDT" name="setUpClass" finished-at="2025-03-18T23:48:10 PDT" duration-ms="30" status="PASS">
          <params>
            <param index="0">
              <value>
                <![CDATA[org.testng.TestRunner@1b3bb287]]>
              </value>
            </param>
          </params>
          <reporter-output>
          </reporter-output>
        </test-method> <!-- setUpClass -->
        <test-method signature="runScenario(io.cucumber.testng.PickleWrapper,io.cucumber.testng.FeatureWrapper)[pri:0, instance:com.runners.MouseHoverTestRunner@44a59da3]" started-at="2025-03-18T23:48:10 PDT" name="runScenario" description="Runs Cucumber Scenarios" data-provider="scenarios" finished-at="2025-03-18T23:48:20 PDT" duration-ms="10333" status="PASS">
          <params>
            <param index="0">
              <value>
                <![CDATA["Verify mouse hover and options visibility"]]>
              </value>
            </param>
            <param index="1">
              <value>
                <![CDATA["Mouse Hover Functionality"]]>
              </value>
            </param>
          </params>
          <reporter-output>
          </reporter-output>
        </test-method> <!-- runScenario -->
        <test-method signature="runScenario(io.cucumber.testng.PickleWrapper,io.cucumber.testng.FeatureWrapper)[pri:0, instance:com.runners.MouseHoverTestRunner@44a59da3]" started-at="2025-03-18T23:48:20 PDT" name="runScenario" description="Runs Cucumber Scenarios" data-provider="scenarios" finished-at="2025-03-18T23:48:31 PDT" duration-ms="10368" status="PASS">
          <params>
            <param index="0">
              <value>
                <![CDATA["Verify clicking an option from mouse hover menu"]]>
              </value>
            </param>
            <param index="1">
              <value>
                <![CDATA["Mouse Hover Functionality"]]>
              </value>
            </param>
          </params>
          <reporter-output>
          </reporter-output>
        </test-method> <!-- runScenario -->
        <test-method is-config="true" signature="tearDownClass()[pri:0, instance:com.runners.MouseHoverTestRunner@44a59da3]" started-at="2025-03-18T23:48:31 PDT" name="tearDownClass" finished-at="2025-03-18T23:48:31 PDT" duration-ms="20" status="PASS">
          <reporter-output>
          </reporter-output>
        </test-method> <!-- tearDownClass -->
      </class> <!-- com.runners.MouseHoverTestRunner -->
    </test> <!-- Test -->
  </suite> <!-- Suite -->
</testng-results>
