<?xml version="1.0" encoding="UTF-8"?>
<testng-results ignored="0" total="1" passed="1" failed="0" skipped="0">
  <reporter-output>
  </reporter-output>
  <suite started-at="2025-03-19T03:55:56 PDT" name="Default suite" finished-at="2025-03-19T03:56:18 PDT" duration-ms="21695">
    <groups>
      <group name="cucumber">
        <method signature="AbstractTestNGCucumberTests.runScenario(io.cucumber.testng.PickleWrapper,io.cucumber.testng.FeatureWrapper)[pri:0, instance:com.runners.SwitchTabTestRunner@766653e6]" name="runScenario" class="io.cucumber.testng.AbstractTestNGCucumberTests"/>
      </group> <!-- cucumber -->
    </groups>
    <test started-at="2025-03-19T03:55:56 PDT" name="Default test" finished-at="2025-03-19T03:56:18 PDT" duration-ms="21695">
      <class name="com.runners.SwitchTabTestRunner">
        <test-method is-config="true" signature="setUpClass(org.testng.ITestContext)[pri:0, instance:com.runners.SwitchTabTestRunner@766653e6]" started-at="2025-03-19T03:55:56 PDT" name="setUpClass" finished-at="2025-03-19T03:55:58 PDT" duration-ms="1469" status="PASS">
          <params>
            <param index="0">
              <value>
                <![CDATA[org.testng.TestRunner@2f4b98f6]]>
              </value>
            </param>
          </params>
          <reporter-output>
          </reporter-output>
        </test-method> <!-- setUpClass -->
        <test-method signature="runScenario(io.cucumber.testng.PickleWrapper,io.cucumber.testng.FeatureWrapper)[pri:0, instance:com.runners.SwitchTabTestRunner@766653e6]" started-at="2025-03-19T03:55:58 PDT" name="runScenario" description="Runs Cucumber Scenarios" data-provider="scenarios" finished-at="2025-03-19T03:56:18 PDT" duration-ms="20034" status="PASS">
          <params>
            <param index="0">
              <value>
                <![CDATA["Verify switching to a new tab"]]>
              </value>
            </param>
            <param index="1">
              <value>
                <![CDATA["Automate functionality for switching tabs"]]>
              </value>
            </param>
          </params>
          <reporter-output>
          </reporter-output>
        </test-method> <!-- runScenario -->
        <test-method is-config="true" signature="tearDownClass()[pri:0, instance:com.runners.SwitchTabTestRunner@766653e6]" started-at="2025-03-19T03:56:18 PDT" name="tearDownClass" finished-at="2025-03-19T03:56:18 PDT" duration-ms="77" status="PASS">
          <reporter-output>
          </reporter-output>
        </test-method> <!-- tearDownClass -->
      </class> <!-- com.runners.SwitchTabTestRunner -->
    </test> <!-- Default test -->
  </suite> <!-- Default suite -->
</testng-results>
