<?xml version="1.0" encoding="UTF-8"?>
<!-- Generated by org.testng.reporters.JUnitXMLReporter -->
<testsuite ignored="0" hostname="RAVALI-KOTI-11" failures="0" tests="2" name="EnableDisable Tests" time="33.078" errors="0" timestamp="2025-03-14T22:55:58 IST">
  <testcase classname="io.cucumber.testng.AbstractTestNGCucumberTests" name="runScenario" time="15.053"/>
  <testcase classname="io.cucumber.testng.AbstractTestNGCucumberTests" name="runScenario" time="16.348"/>
</testsuite> <!-- EnableDisable Tests -->
